-------------------------------------------------------------------------------
Test set: com.sg.classroster.service.ClassRosterServiceLayerImplTest
-------------------------------------------------------------------------------
Tests run: 1, Failures: 1, Errors: 0, Skipped: 0, Time elapsed: 0.003 sec <<< FAILURE!
com.sg.classroster.service.ClassRosterServiceLayerImplTest.testCreateStudent()  Time elapsed: 0.002 sec  <<< FAILURE!
java.lang.NullPointerException
	at com.sg.classroster.service.ClassRosterServiceLayerImplTest.testCreateStudent(ClassRosterServiceLayerImplTest.java:53)

